Flutter crash report; please file at https://github.com/flutter/flutter/issues.

## command

flutter --suppress-analytics build bundle --target=/Programming/Projects/FreeLancer/flutter/lesson_1/lib/main.dart --snapshot=build/snapshot_blob.bin --depfile=build/snapshot_blob.bin.d --asset-dir=/Programming/Projects/FreeLancer/flutter/lesson_1/ios/Flutter/flutter_assets --preview-dart-2

## exception

FileSystemException: FileSystemException: Deletion failed, path = '/Programming/Projects/FreeLancer/flutter/lesson_1/ios/Flutter/flutter_assets' (OS Error: Directory not empty, errno = 66)

```
#0      _Directory._deleteSync (dart:io/directory_impl.dart:207)
#1      FileSystemEntity.deleteSync (dart:io/file_system_entity.dart:466)
#2      ForwardingFileSystemEntity.deleteSync (package:file/src/forwarding/forwarding_file_system_entity.dart:72)
#3      writeBundle (package:flutter_tools/src/bundle.dart:183)
<asynchronous suspension>
#4      assemble (package:flutter_tools/src/bundle.dart:176)
<asynchronous suspension>
#5      build (package:flutter_tools/src/bundle.dart:109)
<asynchronous suspension>
#6      BuildBundleCommand.runCommand (package:flutter_tools/src/commands/build_bundle.dart:72)
<asynchronous suspension>
#7      FlutterCommand.verifyThenRunCommand (package:flutter_tools/src/runner/flutter_command.dart:344)
<asynchronous suspension>
#8      FlutterCommand.run.<anonymous closure> (package:flutter_tools/src/runner/flutter_command.dart:279)
<asynchronous suspension>
#9      AppContext.run.<anonymous closure> (package:flutter_tools/src/base/context.dart:142)
<asynchronous suspension>
#10     _rootRun (dart:async/zone.dart:1126)
#11     _CustomZone.run (dart:async/zone.dart:1023)
#12     runZoned (dart:async/zone.dart:1501)
#13     AppContext.run (package:flutter_tools/src/base/context.dart:141)
<asynchronous suspension>
#14     FlutterCommand.run (package:flutter_tools/src/runner/flutter_command.dart:270)
#15     CommandRunner.runCommand (package:args/command_runner.dart:194)
<asynchronous suspension>
#16     FlutterCommandRunner.runCommand.<anonymous closure> (package:flutter_tools/src/runner/flutter_command_runner.dart:309)
<asynchronous suspension>
#17     AppContext.run.<anonymous closure> (package:flutter_tools/src/base/context.dart:142)
<asynchronous suspension>
#18     _rootRun (dart:async/zone.dart:1126)
#19     _CustomZone.run (dart:async/zone.dart:1023)
#20     runZoned (dart:async/zone.dart:1501)
#21     AppContext.run (package:flutter_tools/src/base/context.dart:141)
<asynchronous suspension>
#22     FlutterCommandRunner.runCommand (package:flutter_tools/src/runner/flutter_command_runner.dart:265)
<asynchronous suspension>
#23     CommandRunner.run.<anonymous closure> (package:args/command_runner.dart:109)
#24     new Future.sync (dart:async/future.dart:222)
#25     CommandRunner.run (package:args/command_runner.dart:109)
#26     FlutterCommandRunner.run (package:flutter_tools/src/runner/flutter_command_runner.dart:174)
#27     run.<anonymous closure> (package:flutter_tools/runner.dart:59)
<asynchronous suspension>
#28     AppContext.run.<anonymous closure> (package:flutter_tools/src/base/context.dart:142)
<asynchronous suspension>
#29     _rootRun (dart:async/zone.dart:1126)
#30     _CustomZone.run (dart:async/zone.dart:1023)
#31     runZoned (dart:async/zone.dart:1501)
#32     AppContext.run (package:flutter_tools/src/base/context.dart:141)
<asynchronous suspension>
#33     runInContext (package:flutter_tools/src/context_runner.dart:43)
<asynchronous suspension>
#34     run (package:flutter_tools/runner.dart:50)
#35     main (package:flutter_tools/executable.dart:49)
<asynchronous suspension>
#36     main (file:///Users/yahia/flutter/packages/flutter_tools/bin/flutter_tools.dart:8)
#37     _startIsolate.<anonymous closure> (dart:isolate-patch/dart:isolate/isolate_patch.dart:277)
#38     _RawReceivePortImpl._handleMessage (dart:isolate-patch/dart:isolate/isolate_patch.dart:165)
```

## flutter doctor

```
[✓] Flutter (Channel beta, v0.5.1, on Mac OS X 10.13.6 17G54a, locale en-US)
    • Flutter version 0.5.1 at /Users/yahia/flutter
    • Framework revision c7ea3ca377 (4 weeks ago), 2018-05-29 21:07:33 +0200
    • Engine revision 1ed25ca7b7
    • Dart version 2.0.0-dev.58.0.flutter-f981f09760

[✓] Android toolchain - develop for Android devices (Android SDK 27.0.3)
    • Android SDK at /Users/yahia/Library/Android/sdk
    • Android NDK at /Users/yahia/Library/Android/sdk/ndk-bundle
    • Platform android-27, build-tools 27.0.3
    • Java binary at: /Applications/Android Studio.app/Contents/jre/jdk/Contents/Home/bin/java
    • Java version OpenJDK Runtime Environment (build 1.8.0_152-release-915-b08)
    • All Android licenses accepted.

[!] iOS toolchain - develop for iOS devices (Xcode 9.4)
    • Xcode at /Applications/Xcode.app/Contents/Developer
    • Xcode 9.4, Build version 9F1027a
    • ios-deploy 1.9.2
    ! CocoaPods out of date (1.5.0 is recommended).
        CocoaPods is used to retrieve the iOS platform side's plugin code that responds to your plugin usage on the Dart side.
        Without resolving iOS dependencies with CocoaPods, plugins will not work on iOS.
        For more info, see https://flutter.io/platform-plugins
      To upgrade:
        brew upgrade cocoapods
        pod setup

[✓] Android Studio (version 3.0)
    • Android Studio at /Applications/Android Studio.app/Contents
    • Flutter plugin version 23.2.1
    • Dart plugin version 171.4424
    • Java version OpenJDK Runtime Environment (build 1.8.0_152-release-915-b08)

[✓] Connected devices (3 available)
    • SM G532F       • 42008522c2d624e7                         • android-arm • Android 6.0.1 (API 23)
    • Yahia's iPhone • a09a2e45774c5ade76f9bae7c2a1856252f07fdb • ios         • iOS 11.4
    • iPhone X       • 056BDA88-D571-4868-AF06-0309F1FC3148     • ios         • iOS 11.4 (simulator)

! Doctor found issues in 1 category.
```
